<?xml version="1.0" encoding="UTF-8"?>
<!-- Generated by org.testng.reporters.JUnitReportReporter -->
<testsuite hostname="admin1" failures="0" tests="1" name="com.testngExamples.Exp_Wd_testng" time="32.888" errors="0" timestamp="30 Jan 2023 11:33:29 GMT">
  <testcase classname="com.testngExamples.Exp_Wd_testng" name="tc001" time="32.888"/>
</testsuite> <!-- com.testngExamples.Exp_Wd_testng -->
