<?xml version="1.0" encoding="UTF-8"?>
<!-- Generated by org.testng.reporters.JUnitReportReporter -->
<testsuite hostname="admin1" failures="0" tests="1" name="com.testngExamples.TestNg_Selenium" time="0.008" errors="0" timestamp="27 Jan 2023 11:25:30 GMT">
  <testcase classname="com.testngExamples.TestNg_Selenium" name="delEMP" time="0.008"/>
</testsuite> <!-- com.testngExamples.TestNg_Selenium -->
