<?xml version="1.0" encoding="UTF-8"?>
<!-- Generated by org.testng.reporters.JUnitReportReporter -->
<testsuite hostname="admin1" failures="0" tests="1" name="com.testngExamples.Exp_Wd_testing$Exp_Wd_Testng" time="12.541" errors="0" timestamp="30 Jan 2023 12:29:03 GMT">
  <testcase classname="com.testngExamples.Exp_Wd_testing$Exp_Wd_Testng" name="tc001" time="12.541"/>
</testsuite> <!-- com.testngExamples.Exp_Wd_testing$Exp_Wd_Testng -->
