<?xml version="1.0" encoding="UTF-8"?>
<!-- Generated by org.testng.reporters.JUnitReportReporter -->
<testsuite hostname="admin1" failures="0" tests="1" name="com.hrms.testscripts.TC001" time="18.677" errors="0" timestamp="3 Feb 2023 09:49:49 GMT">
  <testcase classname="com.hrms.testscripts.TC001" name="tc001" time="18.677"/>
</testsuite> <!-- com.hrms.testscripts.TC001 -->
